C51 COMPILER V9.57.0.0   DHT11                                                             03/14/2020 17:16:29 PAGE 1   


C51 COMPILER V9.57.0.0, COMPILATION OF MODULE DHT11
OBJECT MODULE PLACED IN .\Objects\dht11.obj
COMPILER INVOKED BY: C:\Keil_v5\C51\BIN\C51.EXE dht11.c OPTIMIZE(8,SPEED) BROWSE DEBUG OBJECTEXTEND PRINT(.\Listings\dht
                    -11.lst) TABS(2) OBJECT(.\Objects\dht11.obj)

line level    source

   1          #include<reg52.h>
   2          #include<intrins.h>
   3          sbit DHT_DATA = P3^0;
   4          bit DHT_Start();
   5          bit DHT_ByteRead(unsigned char *dat);
   6          
   7          void DHT11_delay_ms(unsigned char x)   //Îó²î -0.651041666667us
   8          {
   9   1          unsigned char a,b,c;
  10   1        for(c=x;c>0;c--)
  11   1          {
  12   2          for(b=102;b>0;b--)
  13   2              for(a=3;a>0;a--);
  14   2        }
  15   1      }
  16          
  17          void delay_30us(void)   //Îó²î -0.703125us
  18          {
  19   1          unsigned char a;
  20   1          for(a=12;a>0;a--);
  21   1      }
  22          
  23          void delay_40us(void)   //Îó²î -0.703125us
  24          {
  25   1          unsigned char a,b;
  26   1          for(b=3;b>0;b--)
  27   1              for(a=4;a>0;a--);
  28   1      }
  29          
  30          bit DHT_Start()
  31          { 
  32   1        unsigned char m=0;
  33   1        DHT_DATA=1;
  34   1        DHT_DATA=0; 
  35   1        DHT11_delay_ms(20);
  36   1        DHT_DATA=1;
  37   1        delay_40us();
  38   1        if(DHT_DATA == 1)
  39   1          return 0;
  40   1        else 
  41   1          while((DHT_DATA==0)&&(m<200))m++;
  42   1        delay_40us();
  43   1        delay_40us();
  44   1        return 1;       
  45   1      }
  46          
  47          bit DHT_ByteRead(unsigned char *dat)
  48          { unsigned char temp=0;
  49   1        unsigned char x,y;
  50   1        unsigned char m=0;
  51   1        unsigned char n=0;
  52   1        unsigned char mask=0x01;
  53   1        unsigned char sum=0;
  54   1        for(y=0;y<5;y++)
C51 COMPILER V9.57.0.0   DHT11                                                             03/14/2020 17:16:29 PAGE 2   

  55   1        {
  56   2          for(mask=0x80;mask!=0;mask>>=1)
  57   2          { 
  58   3            while(DHT_DATA==0&&m<200)m++;
  59   3            delay_30us();
  60   3            if(DHT_DATA)
  61   3              temp|=mask;
  62   3            else
  63   3              temp&=(~mask);
  64   3            while(DHT_DATA==1&&n<200)n++;
  65   3          }
  66   2          *(dat+y)=temp;
  67   2          temp=0;
  68   2        }
  69   1        for(x=0;x<4;x++)
  70   1          sum+=*(dat+x);  
  71   1        if((sum&=0xff)==*(dat+4))
  72   1          return 1;
  73   1        else 
  74   1          return 0;
  75   1      }


MODULE INFORMATION:   STATIC OVERLAYABLE
   CODE SIZE        =    217    ----
   CONSTANT SIZE    =   ----    ----
   XDATA SIZE       =   ----    ----
   PDATA SIZE       =   ----    ----
   DATA SIZE        =   ----       6
   IDATA SIZE       =   ----    ----
   BIT SIZE         =   ----    ----
END OF MODULE INFORMATION.


C51 COMPILATION COMPLETE.  0 WARNING(S),  0 ERROR(S)
