C51 COMPILER V9.57.0.0   MAIN                                                              03/14/2020 17:16:29 PAGE 1   


C51 COMPILER V9.57.0.0, COMPILATION OF MODULE MAIN
OBJECT MODULE PLACED IN .\Objects\main.obj
COMPILER INVOKED BY: C:\Keil_v5\C51\BIN\C51.EXE main.c OPTIMIZE(8,SPEED) BROWSE DEBUG OBJECTEXTEND PRINT(.\Listings\main
                    -.lst) TABS(2) OBJECT(.\Objects\main.obj)

line level    source

   1          #include "OLED.h"
   2          bit DHT_Start();  
   3          bit DHT_ByteRead(unsigned char *dat);
   4          int x;
   5          //延时子程序
   6          void delay ()
   7          {
   8   1       x=99999;
   9   1       while(x--);
  10   1      }
  11          void main()
  12          {
  13   1        u8 t;
  14   1        bit tmp;
  15   1        unsigned char DHT[5];
  16   1        unsigned char str[12];
  17   1        OLED_Init();      //初始化OLED 
  18   1        OLED_Clear();
  19   1        OLED_ShowCHinese(0,0,0);
  20   1        OLED_ShowCHinese(18,0,1);
  21   1        OLED_ShowChar(34,0,':');//显示ASCII字符 
  22   1        
  23   1        OLED_ShowCHinese(0,2,2);
  24   1        OLED_ShowCHinese(18,2,3);
  25   1        OLED_ShowChar(34,2,':');//显示ASCII字符 
  26   1        
  27   1        
  28   1        DHT_Start();
  29   1        delay();
  30   1        delay();
  31   1        delay();
  32   1        delay();
  33   1        while(1)
  34   1        {
  35   2          delay();
  36   2          DHT_Start();
  37   2          tmp = DHT_ByteRead(&DHT);
  38   2          if(tmp==1)
  39   2            {
  40   3               str[0] = (DHT[0]/10)%10 + '0';  //十位转为ASCII码
  41   3               OLED_ShowChar(42,0,str[0]);//显示ASCII字符 
  42   3              
  43   3               str[1] = (DHT[0]%10) + '0';  //个位转为ASCII
  44   3               OLED_ShowChar(50,0,str[1]);//显示ASCII字符 
  45   3                OLED_ShowChar(58,0,'%');
  46   3                OLED_ShowChar(66,0,'R');
  47   3                OLED_ShowChar(74,0,'H');
  48   3              
  49   3               str[0] = (DHT[2]/10)%10 + '0';  //十位转为ASCII码
  50   3               OLED_ShowChar(42,2,str[0]);//显示ASCII字符 
  51   3              
  52   3               str[1] = (DHT[2]%10) + '0';  //个位转为ASCII
  53   3               OLED_ShowChar(50,2,str[1]);//显示ASCII字符 
  54   3              OLED_ShowCHinese(58,2,4); //℃
C51 COMPILER V9.57.0.0   MAIN                                                              03/14/2020 17:16:29 PAGE 2   

  55   3              
  56   3               str[2] = '\0';
  57   3              
  58   3             }
  59   2        }
  60   1      }
*** WARNING C280 IN LINE 13 OF main.c: 't': unreferenced local variable


MODULE INFORMATION:   STATIC OVERLAYABLE
   CODE SIZE        =    243    ----
   CONSTANT SIZE    =   ----    ----
   XDATA SIZE       =   ----    ----
   PDATA SIZE       =   ----    ----
   DATA SIZE        =      2      18
   IDATA SIZE       =   ----    ----
   BIT SIZE         =   ----       1
END OF MODULE INFORMATION.


C51 COMPILATION COMPLETE.  1 WARNING(S),  0 ERROR(S)
